c:\users\bindo\source\repos\sdl_agame\sdl_agame\x64\debug\vc143.pdb
c:\users\bindo\source\repos\sdl_agame\sdl_agame\x64\debug\vc143.idb
c:\users\bindo\source\repos\sdl_agame\sdl_agame\x64\debug\vector2d.obj
c:\users\bindo\source\repos\sdl_agame\sdl_agame\x64\debug\timer.obj
c:\users\bindo\source\repos\sdl_agame\sdl_agame\x64\debug\tile.obj
c:\users\bindo\source\repos\sdl_agame\sdl_agame\x64\debug\textureloader.obj
c:\users\bindo\source\repos\sdl_agame\sdl_agame\x64\debug\mathaddon.obj
c:\users\bindo\source\repos\sdl_agame\sdl_agame\x64\debug\main.obj
c:\users\bindo\source\repos\sdl_agame\sdl_agame\x64\debug\level.obj
c:\users\bindo\source\repos\sdl_agame\sdl_agame\x64\debug\game.obj
c:\users\bindo\source\repos\sdl_agame\x64\debug\sdl_agame.exe
c:\users\bindo\source\repos\sdl_agame\x64\debug\sdl_agame.pdb
c:\users\bindo\source\repos\sdl_agame\sdl_agame\x64\debug\sdl_agame.ilk
c:\users\bindo\source\repos\sdl_agame\sdl_agame\x64\debug\sdl_agame.tlog\cl.command.1.tlog
c:\users\bindo\source\repos\sdl_agame\sdl_agame\x64\debug\sdl_agame.tlog\cl.items.tlog
c:\users\bindo\source\repos\sdl_agame\sdl_agame\x64\debug\sdl_agame.tlog\cl.read.1.tlog
c:\users\bindo\source\repos\sdl_agame\sdl_agame\x64\debug\sdl_agame.tlog\cl.write.1.tlog
c:\users\bindo\source\repos\sdl_agame\sdl_agame\x64\debug\sdl_agame.tlog\link.command.1.tlog
c:\users\bindo\source\repos\sdl_agame\sdl_agame\x64\debug\sdl_agame.tlog\link.read.1.tlog
c:\users\bindo\source\repos\sdl_agame\sdl_agame\x64\debug\sdl_agame.tlog\link.secondary.1.tlog
c:\users\bindo\source\repos\sdl_agame\sdl_agame\x64\debug\sdl_agame.tlog\link.write.1.tlog
